<?xml version="1.0" encoding="UTF-8"?>
<testng-results skipped="0" failed="0" ignored="0" total="1" passed="1">
  <reporter-output>
  </reporter-output>
  <suite name="Default suite" duration-ms="824" started-at="2018-06-12T07:00:46Z" finished-at="2018-06-12T07:00:47Z">
    <groups>
    </groups>
    <test name="Default test" duration-ms="824" started-at="2018-06-12T07:00:46Z" finished-at="2018-06-12T07:00:47Z">
      <class name="extentrpt04.ExtentReport">
        <test-method status="PASS" signature="ExtentReport()[pri:0, instance:extentrpt04.ExtentReport@59fa1d9b]" name="ExtentReport" duration-ms="776" started-at="2018-06-12T12:30:46Z" finished-at="2018-06-12T12:30:47Z">
          <reporter-output>
          </reporter-output>
        </test-method> <!-- ExtentReport -->
      </class> <!-- extentrpt04.ExtentReport -->
    </test> <!-- Default test -->
  </suite> <!-- Default suite -->
</testng-results>
